user@reversing:~/llvm-project/build ((HEAD detached at llvmorg-9.0.0))$ time ninja
[183/2742] Generating VCSRevision.h
-- Found Git: /usr/bin/git (found version "2.17.1")
[1418/2742] Building CXX object lib/Target/X86/CMakeFiles/LLVMX86CodeGen.dir/X86ISelDAGToDAG.cpp.o
In file included from /home/user/llvm-project/llvm/lib/Target/X86/X86ISelDAGToDAG.cpp:206:0:
lib/Target/X86/X86GenDAGISel.inc: In member function ‘virtual bool {anonymous}::X86DAGToDAGISel::CheckNodePredicate(llvm::SDNode*, unsigned int) const’:
lib/Target/X86/X86GenDAGISel.inc:266882:0: note: -Wmisleading-indentation is disabled from this point onwards, since column-tracking was disabled due to the size of the code/headers
 return true;

[1638/2742] Generating VCSVersion.inc
-- Found Git: /usr/bin/git (found version "2.17.1")
[1927/2742] Building CXX object tools/clang/lib/CodeGen/CMakeFiles/obj.clangCodeGen.dir/TargetInfo.cpp.o
/home/user/llvm-project/clang/lib/CodeGen/TargetInfo.cpp: In member function ‘bool {anonymous}::RISCVABIInfo::detectFPCCEligibleStructHelper(clang::QualType, clang::CharUnits, llvm::Type*&, clang::CharUnits&, llvm::Type*&, clang::CharUnits&) const’:
/home/user/llvm-project/clang/lib/CodeGen/TargetInfo.cpp:9332:32: warning: unused variable ‘RAA’ [-Wunused-variable]
     if (CGCXXABI::RecordArgABI RAA = getRecordArgABI(Ty, CGT.getCXXABI()))
                                ^~~
[2358/2742] Linking CXX shared module lib/SampleAnalyzerPlugin.so
FAILED: lib/SampleAnalyzerPlugin.so
: && /usr/bin/c++ -fPIC -fPIC -fvisibility-inlines-hidden -Werror=date-time -std=c++11 -Wall -Wextra -Wno-unused-parameter -Wwrite-strings -Wcast-qual -Wno-missing-field-initializers -pedantic -Wno-long-long -Wimplicit-fallthrough -Wno-maybe-uninitialized -Wno-noexcept-type -Wdelete-non-virtual-dtor -Wno-comment -fdiagnostics-color -fno-common -Woverloaded-virtual -fno-strict-aliasing -g  -Wl,-z,nodelete   -Wl,-rpath-link,/home/user/llvm-project/build/./lib   -Wl,--version-script,"/home/user/llvm-project/build/tools/clang/lib/Analysis/plugins/SampleAnalyzer/SampleAnalyzerPlugin.exports" -shared  -o lib/SampleAnalyzerPlugin.so tools/clang/lib/Analysis/plugins/SampleAnalyzer/CMakeFiles/SampleAnalyzerPlugin.dir/MainCallChecker.cpp.o  -Wl,-rpath,"\$ORIGIN/../lib" lib/libLLVMSupport.a lib/libclangAnalysis.a lib/libclangAST.a lib/libclangStaticAnalyzerCore.a lib/libclangStaticAnalyzerFrontend.a lib/libclangStaticAnalyzerCheckers.a lib/libclangStaticAnalyzerCore.a lib/libclangCrossTU.a lib/libclangIndex.a lib/libclangFrontend.a lib/libclangDriver.a lib/libclangParse.a lib/libLLVMMCParser.a lib/libLLVMOption.a lib/libLLVMProfileData.a lib/libclangSerialization.a lib/libclangSema.a lib/libclangAnalysis.a lib/libclangEdit.a lib/libLLVMBitReader.a lib/libLLVMBitstreamReader.a lib/libclangFormat.a lib/libclangToolingInclusions.a lib/libclangToolingCore.a lib/libclangRewrite.a lib/libclangASTMatchers.a lib/libclangAST.a lib/libclangLex.a lib/libclangBasic.a lib/libLLVMCore.a lib/libLLVMRemarks.a lib/libLLVMMC.a lib/libLLVMBinaryFormat.a lib/libLLVMDebugInfoCodeView.a lib/libLLVMDebugInfoMSF.a lib/libLLVMSupport.a -lz -lrt -ldl -ltinfo -lpthread -lm lib/libLLVMDemangle.a && :
collect2: fatal error: ld terminated with signal 9 [Killed]
compilation terminated.
[2359/2742] Linking CXX executable bin/clang-diff
FAILED: bin/clang-diff
: && /usr/bin/c++  -fPIC -fvisibility-inlines-hidden -Werror=date-time -std=c++11 -Wall -Wextra -Wno-unused-parameter -Wwrite-strings -Wcast-qual -Wno-missing-field-initializers -pedantic -Wno-long-long -Wimplicit-fallthrough -Wno-maybe-uninitialized -Wno-noexcept-type -Wdelete-non-virtual-dtor -Wno-comment -fdiagnostics-color -fno-common -Woverloaded-virtual -fno-strict-aliasing -g  -Wl,-allow-shlib-undefined    -Wl,-rpath-link,/home/user/llvm-project/build/./lib tools/clang/tools/clang-diff/CMakeFiles/clang-diff.dir/ClangDiff.cpp.o  -o bin/clang-diff  -Wl,-rpath,"\$ORIGIN/../lib" lib/libLLVMSupport.a -lpthread lib/libclangBasic.a lib/libclangFrontend.a lib/libclangSerialization.a lib/libclangTooling.a lib/libclangToolingASTDiff.a lib/libclangFrontend.a lib/libclangParse.a lib/libLLVMMCParser.a lib/libLLVMProfileData.a lib/libclangSerialization.a lib/libclangSema.a lib/libclangEdit.a lib/libclangAnalysis.a lib/libLLVMBitReader.a lib/libLLVMBitstreamReader.a lib/libclangDriver.a lib/libLLVMOption.a lib/libclangASTMatchers.a lib/libclangFormat.a lib/libclangToolingInclusions.a lib/libclangToolingCore.a lib/libclangRewrite.a lib/libclangAST.a lib/libclangLex.a lib/libclangBasic.a lib/libLLVMCore.a lib/libLLVMRemarks.a lib/libLLVMMC.a lib/libLLVMBinaryFormat.a lib/libLLVMDebugInfoCodeView.a lib/libLLVMDebugInfoMSF.a lib/libLLVMSupport.a -lz -lrt -ldl -ltinfo -lpthread -lm lib/libLLVMDemangle.a && :
/usr/bin/ld: BFD (GNU Binutils for Ubuntu) 2.30 internal error, aborting at ../../bfd/merge.c:908 in _bfd_merged_section_offset

/usr/bin/ld: Please report this bug.

collect2: error: ld returned 1 exit status
[2361/2742] Linking CXX shared module lib/CheckerOptionHandlingAnalyzerPlugin.so
FAILED: lib/CheckerOptionHandlingAnalyzerPlugin.so
: && /usr/bin/c++ -fPIC -fPIC -fvisibility-inlines-hidden -Werror=date-time -std=c++11 -Wall -Wextra -Wno-unused-parameter -Wwrite-strings -Wcast-qual -Wno-missing-field-initializers -pedantic -Wno-long-long -Wimplicit-fallthrough -Wno-maybe-uninitialized -Wno-noexcept-type -Wdelete-non-virtual-dtor -Wno-comment -fdiagnostics-color -fno-common -Woverloaded-virtual -fno-strict-aliasing -g  -Wl,-z,nodelete   -Wl,-rpath-link,/home/user/llvm-project/build/./lib   -Wl,--version-script,"/home/user/llvm-project/build/tools/clang/lib/Analysis/plugins/CheckerOptionHandling/CheckerOptionHandlingAnalyzerPlugin.exports" -shared  -o lib/CheckerOptionHandlingAnalyzerPlugin.so tools/clang/lib/Analysis/plugins/CheckerOptionHandling/CMakeFiles/CheckerOptionHandlingAnalyzerPlugin.dir/CheckerOptionHandling.cpp.o  -Wl,-rpath,"\$ORIGIN/../lib" lib/libLLVMSupport.a lib/libclangAnalysis.a lib/libclangAST.a lib/libclangStaticAnalyzerCore.a lib/libclangStaticAnalyzerFrontend.a lib/libclangStaticAnalyzerCheckers.a lib/libclangStaticAnalyzerCore.a lib/libclangCrossTU.a lib/libclangIndex.a lib/libclangFrontend.a lib/libclangDriver.a lib/libclangParse.a lib/libLLVMMCParser.a lib/libLLVMOption.a lib/libLLVMProfileData.a lib/libclangSerialization.a lib/libclangSema.a lib/libclangAnalysis.a lib/libclangEdit.a lib/libLLVMBitReader.a lib/libLLVMBitstreamReader.a lib/libclangFormat.a lib/libclangToolingInclusions.a lib/libclangToolingCore.a lib/libclangRewrite.a lib/libclangASTMatchers.a lib/libclangAST.a lib/libclangLex.a lib/libclangBasic.a lib/libLLVMCore.a lib/libLLVMRemarks.a lib/libLLVMMC.a lib/libLLVMBinaryFormat.a lib/libLLVMDebugInfoCodeView.a lib/libLLVMDebugInfoMSF.a lib/libLLVMSupport.a -lz -lrt -ldl -ltinfo -lpthread -lm lib/libLLVMDemangle.a && :
collect2: fatal error: ld terminated with signal 9 [Killed]
compilation terminated.
[2365/2742] Linking CXX executable bin/clang-import-test
ninja: build stopped: subcommand failed.

real	81m56.780s
user	445m48.458s
sys	30m5.052s
